<?xml version="1.0" encoding="UTF-8"?>
<testsuite name="com.hong.springboot.web.HelloControllerTest" tests="3" skipped="0" failures="0" errors="0" timestamp="2020-01-26T07:17:02" hostname="Inyongui-MacBook-Pro-2.local" time="0.398">
  <properties/>
  <testcase name="hello가_리턴된다" classname="com.hong.springboot.web.HelloControllerTest" time="0.259"/>
  <testcase name="helloDto가_리턴된다" classname="com.hong.springboot.web.HelloControllerTest" time="0.086"/>
  <testcase name="롬복_기능_테스트" classname="com.hong.springboot.web.HelloControllerTest" time="0.052"/>
  <system-out><![CDATA[16:16:59.958 [Test worker] DEBUG org.springframework.test.context.junit4.SpringJUnit4ClassRunner - SpringJUnit4ClassRunner constructor called with [class com.hong.springboot.web.HelloControllerTest]
16:16:59.967 [Test worker] DEBUG org.springframework.test.context.BootstrapUtils - Instantiating CacheAwareContextLoaderDelegate from class [org.springframework.test.context.cache.DefaultCacheAwareContextLoaderDelegate]
16:16:59.975 [Test worker] DEBUG org.springframework.test.context.BootstrapUtils - Instantiating BootstrapContext using constructor [public org.springframework.test.context.support.DefaultBootstrapContext(java.lang.Class,org.springframework.test.context.CacheAwareContextLoaderDelegate)]
16:17:00.004 [Test worker] DEBUG org.springframework.test.context.BootstrapUtils - Instantiating TestContextBootstrapper for test class [com.hong.springboot.web.HelloControllerTest] from class [org.springframework.boot.test.autoconfigure.web.servlet.WebMvcTestContextBootstrapper]
16:17:00.025 [Test worker] INFO org.springframework.boot.test.autoconfigure.web.servlet.WebMvcTestContextBootstrapper - Neither @ContextConfiguration nor @ContextHierarchy found for test class [com.hong.springboot.web.HelloControllerTest], using SpringBootContextLoader
16:17:00.028 [Test worker] DEBUG org.springframework.test.context.support.AbstractContextLoader - Did not detect default resource location for test class [com.hong.springboot.web.HelloControllerTest]: class path resource [com/hong/springboot/web/HelloControllerTest-context.xml] does not exist
16:17:00.029 [Test worker] DEBUG org.springframework.test.context.support.AbstractContextLoader - Did not detect default resource location for test class [com.hong.springboot.web.HelloControllerTest]: class path resource [com/hong/springboot/web/HelloControllerTestContext.groovy] does not exist
16:17:00.029 [Test worker] INFO org.springframework.test.context.support.AbstractContextLoader - Could not detect default resource locations for test class [com.hong.springboot.web.HelloControllerTest]: no resource found for suffixes {-context.xml, Context.groovy}.
16:17:00.030 [Test worker] INFO org.springframework.test.context.support.AnnotationConfigContextLoaderUtils - Could not detect default configuration classes for test class [com.hong.springboot.web.HelloControllerTest]: HelloControllerTest does not declare any static, non-private, non-final, nested classes annotated with @Configuration.
16:17:00.094 [Test worker] DEBUG org.springframework.test.context.support.ActiveProfilesUtils - Could not find an 'annotation declaring class' for annotation type [org.springframework.test.context.ActiveProfiles] and class [com.hong.springboot.web.HelloControllerTest]
16:17:00.184 [Test worker] DEBUG org.springframework.context.annotation.ClassPathScanningCandidateComponentProvider - Identified candidate component class: file [/Users/inyonghong/Documents/spring_study/spring-boot-gradle-test2/build/classes/java/main/com/hong/springboot/Application.class]
16:17:00.185 [Test worker] INFO org.springframework.boot.test.context.SpringBootTestContextBootstrapper - Found @SpringBootConfiguration com.hong.springboot.Application for test class com.hong.springboot.web.HelloControllerTest
16:17:00.187 [Test worker] DEBUG org.springframework.boot.test.autoconfigure.web.servlet.WebMvcTestContextBootstrapper - @TestExecutionListeners is not present for class [com.hong.springboot.web.HelloControllerTest]: using defaults.
16:17:00.188 [Test worker] INFO org.springframework.boot.test.autoconfigure.web.servlet.WebMvcTestContextBootstrapper - Loaded default TestExecutionListener class names from location [META-INF/spring.factories]: [org.springframework.security.test.context.support.WithSecurityContextTestExecutionListener, org.springframework.security.test.context.support.ReactorContextTestExecutionListener, org.springframework.boot.test.autoconfigure.restdocs.RestDocsTestExecutionListener, org.springframework.boot.test.autoconfigure.web.client.MockRestServiceServerResetTestExecutionListener, org.springframework.boot.test.autoconfigure.web.servlet.MockMvcPrintOnlyOnFailureTestExecutionListener, org.springframework.boot.test.autoconfigure.web.servlet.WebDriverTestExecutionListener, org.springframework.boot.test.mock.mockito.MockitoTestExecutionListener, org.springframework.boot.test.mock.mockito.ResetMocksTestExecutionListener, org.springframework.test.context.web.ServletTestExecutionListener, org.springframework.test.context.support.DirtiesContextBeforeModesTestExecutionListener, org.springframework.test.context.support.DependencyInjectionTestExecutionListener, org.springframework.test.context.support.DirtiesContextTestExecutionListener, org.springframework.test.context.transaction.TransactionalTestExecutionListener, org.springframework.test.context.jdbc.SqlScriptsTestExecutionListener]
16:17:00.206 [Test worker] INFO org.springframework.boot.test.autoconfigure.web.servlet.WebMvcTestContextBootstrapper - Using TestExecutionListeners: [org.springframework.test.context.web.ServletTestExecutionListener@e651b7b, org.springframework.test.context.support.DirtiesContextBeforeModesTestExecutionListener@4ee4459f, org.springframework.boot.test.mock.mockito.MockitoTestExecutionListener@19d7ae24, org.springframework.boot.test.autoconfigure.SpringBootDependencyInjectionTestExecutionListener@1b55aa97, org.springframework.test.context.support.DirtiesContextTestExecutionListener@3d4dc445, org.springframework.test.context.transaction.TransactionalTestExecutionListener@51e9b6ce, org.springframework.test.context.jdbc.SqlScriptsTestExecutionListener@75eb9459, org.springframework.security.test.context.support.WithSecurityContextTestExecutionListener@43dc9961, org.springframework.security.test.context.support.ReactorContextTestExecutionListener@10e002b3, org.springframework.boot.test.autoconfigure.restdocs.RestDocsTestExecutionListener@ca389a7, org.springframework.boot.test.autoconfigure.web.client.MockRestServiceServerResetTestExecutionListener@25438d36, org.springframework.boot.test.autoconfigure.web.servlet.MockMvcPrintOnlyOnFailureTestExecutionListener@2730f6e, org.springframework.boot.test.autoconfigure.web.servlet.WebDriverTestExecutionListener@12166009, org.springframework.boot.test.mock.mockito.ResetMocksTestExecutionListener@2682d5d]
16:17:00.209 [Test worker] DEBUG org.springframework.test.annotation.ProfileValueUtils - Retrieved @ProfileValueSourceConfiguration [null] for test class [com.hong.springboot.web.HelloControllerTest]
16:17:00.209 [Test worker] DEBUG org.springframework.test.annotation.ProfileValueUtils - Retrieved ProfileValueSource type [class org.springframework.test.annotation.SystemProfileValueSource] for class [com.hong.springboot.web.HelloControllerTest]
16:17:00.210 [Test worker] DEBUG org.springframework.test.annotation.ProfileValueUtils - Retrieved @ProfileValueSourceConfiguration [null] for test class [com.hong.springboot.web.HelloControllerTest]
16:17:00.210 [Test worker] DEBUG org.springframework.test.annotation.ProfileValueUtils - Retrieved ProfileValueSource type [class org.springframework.test.annotation.SystemProfileValueSource] for class [com.hong.springboot.web.HelloControllerTest]
16:17:00.216 [Test worker] DEBUG org.springframework.test.context.support.AbstractDirtiesContextTestExecutionListener - Before test class: context [DefaultTestContext@3b6eb15f testClass = HelloControllerTest, testInstance = [null], testMethod = [null], testException = [null], mergedContextConfiguration = [WebMergedContextConfiguration@3961eec6 testClass = HelloControllerTest, locations = '{}', classes = '{class com.hong.springboot.Application}', contextInitializerClasses = '[]', activeProfiles = '{}', propertySourceLocations = '{}', propertySourceProperties = '{org.springframework.boot.test.autoconfigure.web.servlet.WebMvcTestContextBootstrapper=true}', contextCustomizers = set[org.springframework.boot.test.autoconfigure.OverrideAutoConfigurationContextCustomizerFactory$DisableAutoConfigurationContextCustomizer@26353f51, org.springframework.boot.test.autoconfigure.filter.TypeExcludeFiltersContextCustomizer@eace5be5, org.springframework.boot.test.autoconfigure.properties.PropertyMappingContextCustomizer@e032d11c, org.springframework.boot.test.autoconfigure.web.servlet.WebDriverContextCustomizerFactory$Customizer@4f01e93b, [ImportsContextCustomizer@7cc0ebc7 key = [org.springframework.boot.autoconfigure.cache.CacheAutoConfiguration, org.springframework.boot.autoconfigure.context.MessageSourceAutoConfiguration, org.springframework.boot.autoconfigure.data.web.SpringDataWebAutoConfiguration, org.springframework.boot.autoconfigure.freemarker.FreeMarkerAutoConfiguration, org.springframework.boot.autoconfigure.groovy.template.GroovyTemplateAutoConfiguration, org.springframework.boot.autoconfigure.gson.GsonAutoConfiguration, org.springframework.boot.autoconfigure.hateoas.HypermediaAutoConfiguration, org.springframework.boot.autoconfigure.http.HttpMessageConvertersAutoConfiguration, org.springframework.boot.autoconfigure.jackson.JacksonAutoConfiguration, org.springframework.boot.autoconfigure.jsonb.JsonbAutoConfiguration, org.springframework.boot.autoconfigure.mustache.MustacheAutoConfiguration, org.springframework.boot.autoconfigure.task.TaskExecutionAutoConfiguration, org.springframework.boot.autoconfigure.thymeleaf.ThymeleafAutoConfiguration, org.springframework.boot.autoconfigure.validation.ValidationAutoConfiguration, org.springframework.boot.autoconfigure.web.servlet.error.ErrorMvcAutoConfiguration, org.springframework.boot.autoconfigure.web.servlet.WebMvcAutoConfiguration, org.springframework.boot.test.autoconfigure.web.servlet.MockMvcAutoConfiguration, org.springframework.boot.test.autoconfigure.web.servlet.MockMvcSecurityAutoConfiguration, org.springframework.boot.test.autoconfigure.web.servlet.MockMvcWebClientAutoConfiguration, org.springframework.boot.test.autoconfigure.web.servlet.MockMvcWebDriverAutoConfiguration]], org.springframework.boot.test.context.filter.ExcludeFilterContextCustomizer@30774542, org.springframework.boot.test.json.DuplicateJsonObjectContextCustomizerFactory$DuplicateJsonObjectContextCustomizer@1ee95a99, org.springframework.boot.test.mock.mockito.MockitoContextCustomizer@0], resourceBasePath = 'src/main/webapp', contextLoader = 'org.springframework.boot.test.context.SpringBootContextLoader', parent = [null]], attributes = map[[empty]]], class annotated with @DirtiesContext [false] with mode [null].
16:17:00.217 [Test worker] DEBUG org.springframework.test.annotation.ProfileValueUtils - Retrieved @ProfileValueSourceConfiguration [null] for test class [com.hong.springboot.web.HelloControllerTest]
16:17:00.217 [Test worker] DEBUG org.springframework.test.annotation.ProfileValueUtils - Retrieved ProfileValueSource type [class org.springframework.test.annotation.SystemProfileValueSource] for class [com.hong.springboot.web.HelloControllerTest]
16:17:00.221 [Test worker] DEBUG org.springframework.test.context.support.DependencyInjectionTestExecutionListener - Performing dependency injection for test context [[DefaultTestContext@3b6eb15f testClass = HelloControllerTest, testInstance = com.hong.springboot.web.HelloControllerTest@72febdeb, testMethod = [null], testException = [null], mergedContextConfiguration = [WebMergedContextConfiguration@3961eec6 testClass = HelloControllerTest, locations = '{}', classes = '{class com.hong.springboot.Application}', contextInitializerClasses = '[]', activeProfiles = '{}', propertySourceLocations = '{}', propertySourceProperties = '{org.springframework.boot.test.autoconfigure.web.servlet.WebMvcTestContextBootstrapper=true}', contextCustomizers = set[org.springframework.boot.test.autoconfigure.OverrideAutoConfigurationContextCustomizerFactory$DisableAutoConfigurationContextCustomizer@26353f51, org.springframework.boot.test.autoconfigure.filter.TypeExcludeFiltersContextCustomizer@eace5be5, org.springframework.boot.test.autoconfigure.properties.PropertyMappingContextCustomizer@e032d11c, org.springframework.boot.test.autoconfigure.web.servlet.WebDriverContextCustomizerFactory$Customizer@4f01e93b, [ImportsContextCustomizer@7cc0ebc7 key = [org.springframework.boot.autoconfigure.cache.CacheAutoConfiguration, org.springframework.boot.autoconfigure.context.MessageSourceAutoConfiguration, org.springframework.boot.autoconfigure.data.web.SpringDataWebAutoConfiguration, org.springframework.boot.autoconfigure.freemarker.FreeMarkerAutoConfiguration, org.springframework.boot.autoconfigure.groovy.template.GroovyTemplateAutoConfiguration, org.springframework.boot.autoconfigure.gson.GsonAutoConfiguration, org.springframework.boot.autoconfigure.hateoas.HypermediaAutoConfiguration, org.springframework.boot.autoconfigure.http.HttpMessageConvertersAutoConfiguration, org.springframework.boot.autoconfigure.jackson.JacksonAutoConfiguration, org.springframework.boot.autoconfigure.jsonb.JsonbAutoConfiguration, org.springframework.boot.autoconfigure.mustache.MustacheAutoConfiguration, org.springframework.boot.autoconfigure.task.TaskExecutionAutoConfiguration, org.springframework.boot.autoconfigure.thymeleaf.ThymeleafAutoConfiguration, org.springframework.boot.autoconfigure.validation.ValidationAutoConfiguration, org.springframework.boot.autoconfigure.web.servlet.error.ErrorMvcAutoConfiguration, org.springframework.boot.autoconfigure.web.servlet.WebMvcAutoConfiguration, org.springframework.boot.test.autoconfigure.web.servlet.MockMvcAutoConfiguration, org.springframework.boot.test.autoconfigure.web.servlet.MockMvcSecurityAutoConfiguration, org.springframework.boot.test.autoconfigure.web.servlet.MockMvcWebClientAutoConfiguration, org.springframework.boot.test.autoconfigure.web.servlet.MockMvcWebDriverAutoConfiguration]], org.springframework.boot.test.context.filter.ExcludeFilterContextCustomizer@30774542, org.springframework.boot.test.json.DuplicateJsonObjectContextCustomizerFactory$DuplicateJsonObjectContextCustomizer@1ee95a99, org.springframework.boot.test.mock.mockito.MockitoContextCustomizer@0], resourceBasePath = 'src/main/webapp', contextLoader = 'org.springframework.boot.test.context.SpringBootContextLoader', parent = [null]], attributes = map[[empty]]]].
16:17:00.339 [Test worker] DEBUG org.springframework.test.context.support.TestPropertySourceUtils - Adding inlined properties to environment: {spring.jmx.enabled=false, org.springframework.boot.test.autoconfigure.web.servlet.WebMvcTestContextBootstrapper=true, server.port=-1}

  .   ____          _            __ _ _
 /\\ / ___'_ __ _ _(_)_ __  __ _ \ \ \ \
( ( )\___ | '_ | '_| | '_ \/ _` | \ \ \ \
 \\/  ___)| |_)| | | | | || (_| |  ) ) ) )
  '  |____| .__|_| |_|_| |_\__, | / / / /
 =========|_|==============|___/=/_/_/_/
 :: Spring Boot ::        (v2.1.7.RELEASE)

2020-01-26 16:17:00.577  INFO 6132 --- [    Test worker] c.h.springboot.web.HelloControllerTest   : Starting HelloControllerTest on Inyongui-MacBook-Pro-2.local with PID 6132 (started by inyonghong in /Users/inyonghong/Documents/spring_study/spring-boot-gradle-test2)
2020-01-26 16:17:00.580  INFO 6132 --- [    Test worker] c.h.springboot.web.HelloControllerTest   : No active profile set, falling back to default profiles: default
2020-01-26 16:17:02.075  INFO 6132 --- [    Test worker] o.s.s.concurrent.ThreadPoolTaskExecutor  : Initializing ExecutorService 'applicationTaskExecutor'
2020-01-26 16:17:02.176  INFO 6132 --- [    Test worker] o.s.b.a.w.s.WelcomePageHandlerMapping    : Adding welcome page template: index
2020-01-26 16:17:02.518  INFO 6132 --- [    Test worker] .s.s.UserDetailsServiceAutoConfiguration : 

Using generated security password: f290a268-cb6f-4fc5-93c6-b5a17a115e06

2020-01-26 16:17:02.774  INFO 6132 --- [    Test worker] o.s.s.web.DefaultSecurityFilterChain     : Creating filter chain: any request, [org.springframework.security.web.context.request.async.WebAsyncManagerIntegrationFilter@475ae964, org.springframework.security.web.context.SecurityContextPersistenceFilter@b7280c6, org.springframework.security.web.header.HeaderWriterFilter@1a00846e, org.springframework.security.web.csrf.CsrfFilter@81105fe, org.springframework.security.web.authentication.logout.LogoutFilter@7ad0ee5, org.springframework.security.web.authentication.UsernamePasswordAuthenticationFilter@41aa254, org.springframework.security.web.authentication.ui.DefaultLoginPageGeneratingFilter@79f6d6c3, org.springframework.security.web.authentication.ui.DefaultLogoutPageGeneratingFilter@e01023a, org.springframework.security.web.authentication.www.BasicAuthenticationFilter@60c8d424, org.springframework.security.web.savedrequest.RequestCacheAwareFilter@505a6e04, org.springframework.security.web.servletapi.SecurityContextHolderAwareRequestFilter@5957bdfc, org.springframework.security.web.authentication.AnonymousAuthenticationFilter@37b3b852, org.springframework.security.web.session.SessionManagementFilter@69449c08, org.springframework.security.web.access.ExceptionTranslationFilter@368d17f3, org.springframework.security.web.access.intercept.FilterSecurityInterceptor@3a603501]
2020-01-26 16:17:02.823  INFO 6132 --- [    Test worker] o.s.b.t.m.w.SpringBootMockServletContext : Initializing Spring TestDispatcherServlet ''
2020-01-26 16:17:02.824  INFO 6132 --- [    Test worker] o.s.t.web.servlet.TestDispatcherServlet  : Initializing Servlet ''
2020-01-26 16:17:02.840  INFO 6132 --- [    Test worker] o.s.t.web.servlet.TestDispatcherServlet  : Completed initialization in 16 ms
2020-01-26 16:17:02.888  INFO 6132 --- [    Test worker] c.h.springboot.web.HelloControllerTest   : Started HelloControllerTest in 2.54 seconds (JVM running for 3.693)
]]></system-out>
  <system-err><![CDATA[]]></system-err>
</testsuite>
