<?xml version="1.0" encoding="UTF-8"?>
<testsuite name="com.hong.springboot.ControllerTest" tests="2" skipped="0" failures="0" errors="0" timestamp="2020-01-26T07:17:09" hostname="Inyongui-MacBook-Pro-2.local" time="0.003">
  <properties/>
  <testcase name="test" classname="com.hong.springboot.ControllerTest" time="0.002"/>
  <testcase name="mvcTest" classname="com.hong.springboot.ControllerTest" time="0.001"/>
  <system-out><![CDATA[2020-01-26 16:17:09.525  INFO 6132 --- [    Test worker] o.s.t.c.s.DefaultTestContextBootstrapper : Neither @ContextConfiguration nor @ContextHierarchy found for test class [com.hong.springboot.ControllerTest], using DelegatingSmartContextLoader
2020-01-26 16:17:09.526  INFO 6132 --- [    Test worker] o.s.t.c.support.AbstractContextLoader    : Could not detect default resource locations for test class [com.hong.springboot.ControllerTest]: no resource found for suffixes {-context.xml}.
2020-01-26 16:17:09.527  INFO 6132 --- [    Test worker] t.c.s.AnnotationConfigContextLoaderUtils : Could not detect default configuration classes for test class [com.hong.springboot.ControllerTest]: ControllerTest does not declare any static, non-private, non-final, nested classes annotated with @Configuration.
2020-01-26 16:17:09.528  INFO 6132 --- [    Test worker] o.s.t.c.s.DefaultTestContextBootstrapper : Loaded default TestExecutionListener class names from location [META-INF/spring.factories]: [org.springframework.security.test.context.support.WithSecurityContextTestExecutionListener, org.springframework.security.test.context.support.ReactorContextTestExecutionListener, org.springframework.boot.test.autoconfigure.restdocs.RestDocsTestExecutionListener, org.springframework.boot.test.autoconfigure.web.client.MockRestServiceServerResetTestExecutionListener, org.springframework.boot.test.autoconfigure.web.servlet.MockMvcPrintOnlyOnFailureTestExecutionListener, org.springframework.boot.test.autoconfigure.web.servlet.WebDriverTestExecutionListener, org.springframework.boot.test.mock.mockito.MockitoTestExecutionListener, org.springframework.boot.test.mock.mockito.ResetMocksTestExecutionListener, org.springframework.test.context.web.ServletTestExecutionListener, org.springframework.test.context.support.DirtiesContextBeforeModesTestExecutionListener, org.springframework.test.context.support.DependencyInjectionTestExecutionListener, org.springframework.test.context.support.DirtiesContextTestExecutionListener, org.springframework.test.context.transaction.TransactionalTestExecutionListener, org.springframework.test.context.jdbc.SqlScriptsTestExecutionListener]
2020-01-26 16:17:09.529  INFO 6132 --- [    Test worker] o.s.t.c.s.DefaultTestContextBootstrapper : Using TestExecutionListeners: [org.springframework.test.context.web.ServletTestExecutionListener@138d6f49, org.springframework.test.context.support.DirtiesContextBeforeModesTestExecutionListener@72951af, org.springframework.boot.test.mock.mockito.MockitoTestExecutionListener@292b2a09, org.springframework.test.context.support.DependencyInjectionTestExecutionListener@1dfce96c, org.springframework.test.context.support.DirtiesContextTestExecutionListener@65732abd, org.springframework.test.context.transaction.TransactionalTestExecutionListener@289abb95, org.springframework.test.context.jdbc.SqlScriptsTestExecutionListener@5811b7ed, org.springframework.security.test.context.support.WithSecurityContextTestExecutionListener@22dc820a, org.springframework.security.test.context.support.ReactorContextTestExecutionListener@5e86622e, org.springframework.boot.test.autoconfigure.restdocs.RestDocsTestExecutionListener@23bd3c78, org.springframework.boot.test.autoconfigure.web.client.MockRestServiceServerResetTestExecutionListener@76c6493d, org.springframework.boot.test.autoconfigure.web.servlet.MockMvcPrintOnlyOnFailureTestExecutionListener@30cc493d, org.springframework.boot.test.autoconfigure.web.servlet.WebDriverTestExecutionListener@5d36ca18, org.springframework.boot.test.mock.mockito.ResetMocksTestExecutionListener@17a2633a]
]]></system-out>
  <system-err><![CDATA[]]></system-err>
</testsuite>
