<?xml version="1.0" encoding="UTF-8"?>
<testsuite name="com.hong.springboot.ControllerTest" tests="2" skipped="0" failures="0" errors="0" timestamp="2020-01-06T14:50:00" hostname="Inyongui-MacBook-Pro-2.local" time="0.002">
  <properties/>
  <testcase name="test" classname="com.hong.springboot.ControllerTest" time="0.001"/>
  <testcase name="mvcTest" classname="com.hong.springboot.ControllerTest" time="0.001"/>
  <system-out><![CDATA[2020-01-06 23:50:00.593  INFO 27115 --- [    Test worker] o.s.t.c.s.DefaultTestContextBootstrapper : Neither @ContextConfiguration nor @ContextHierarchy found for test class [com.hong.springboot.ControllerTest], using DelegatingSmartContextLoader
2020-01-06 23:50:00.594  INFO 27115 --- [    Test worker] o.s.t.c.support.AbstractContextLoader    : Could not detect default resource locations for test class [com.hong.springboot.ControllerTest]: no resource found for suffixes {-context.xml}.
2020-01-06 23:50:00.595  INFO 27115 --- [    Test worker] t.c.s.AnnotationConfigContextLoaderUtils : Could not detect default configuration classes for test class [com.hong.springboot.ControllerTest]: ControllerTest does not declare any static, non-private, non-final, nested classes annotated with @Configuration.
2020-01-06 23:50:00.596  INFO 27115 --- [    Test worker] o.s.t.c.s.DefaultTestContextBootstrapper : Loaded default TestExecutionListener class names from location [META-INF/spring.factories]: [org.springframework.boot.test.autoconfigure.restdocs.RestDocsTestExecutionListener, org.springframework.boot.test.autoconfigure.web.client.MockRestServiceServerResetTestExecutionListener, org.springframework.boot.test.autoconfigure.web.servlet.MockMvcPrintOnlyOnFailureTestExecutionListener, org.springframework.boot.test.autoconfigure.web.servlet.WebDriverTestExecutionListener, org.springframework.boot.test.mock.mockito.MockitoTestExecutionListener, org.springframework.boot.test.mock.mockito.ResetMocksTestExecutionListener, org.springframework.test.context.web.ServletTestExecutionListener, org.springframework.test.context.support.DirtiesContextBeforeModesTestExecutionListener, org.springframework.test.context.support.DependencyInjectionTestExecutionListener, org.springframework.test.context.support.DirtiesContextTestExecutionListener, org.springframework.test.context.transaction.TransactionalTestExecutionListener, org.springframework.test.context.jdbc.SqlScriptsTestExecutionListener]
2020-01-06 23:50:00.596  INFO 27115 --- [    Test worker] o.s.t.c.s.DefaultTestContextBootstrapper : Using TestExecutionListeners: [org.springframework.test.context.web.ServletTestExecutionListener@7047d43f, org.springframework.test.context.support.DirtiesContextBeforeModesTestExecutionListener@4dd9a734, org.springframework.boot.test.mock.mockito.MockitoTestExecutionListener@7433626c, org.springframework.test.context.support.DependencyInjectionTestExecutionListener@750654b0, org.springframework.test.context.support.DirtiesContextTestExecutionListener@3bae8003, org.springframework.test.context.transaction.TransactionalTestExecutionListener@3bce7045, org.springframework.test.context.jdbc.SqlScriptsTestExecutionListener@54815552, org.springframework.boot.test.autoconfigure.restdocs.RestDocsTestExecutionListener@13e528a6, org.springframework.boot.test.autoconfigure.web.client.MockRestServiceServerResetTestExecutionListener@5c840c41, org.springframework.boot.test.autoconfigure.web.servlet.MockMvcPrintOnlyOnFailureTestExecutionListener@148013cc, org.springframework.boot.test.autoconfigure.web.servlet.WebDriverTestExecutionListener@4af5ffcb, org.springframework.boot.test.mock.mockito.ResetMocksTestExecutionListener@70ef4e2b]
]]></system-out>
  <system-err><![CDATA[]]></system-err>
</testsuite>
