<?xml version="1.0" encoding="UTF-8"?>
<testsuite name="com.hong.springboot.web.PostsApiControllerTest" tests="2" skipped="0" failures="0" errors="0" timestamp="2020-01-06T14:50:00" hostname="Inyongui-MacBook-Pro-2.local" time="0.402">
  <properties/>
  <testcase name="posts_등록된다" classname="com.hong.springboot.web.PostsApiControllerTest" time="0.355"/>
  <testcase name="posts_조회된다" classname="com.hong.springboot.web.PostsApiControllerTest" time="0.047"/>
  <system-out><![CDATA[2020-01-06 23:49:57.138  INFO 27115 --- [    Test worker] .b.t.c.SpringBootTestContextBootstrapper : Neither @ContextConfiguration nor @ContextHierarchy found for test class [com.hong.springboot.web.PostsApiControllerTest], using SpringBootContextLoader
2020-01-06 23:49:57.139  INFO 27115 --- [    Test worker] o.s.t.c.support.AbstractContextLoader    : Could not detect default resource locations for test class [com.hong.springboot.web.PostsApiControllerTest]: no resource found for suffixes {-context.xml, Context.groovy}.
2020-01-06 23:49:57.139  INFO 27115 --- [    Test worker] t.c.s.AnnotationConfigContextLoaderUtils : Could not detect default configuration classes for test class [com.hong.springboot.web.PostsApiControllerTest]: PostsApiControllerTest does not declare any static, non-private, non-final, nested classes annotated with @Configuration.
2020-01-06 23:49:57.140  INFO 27115 --- [    Test worker] .b.t.c.SpringBootTestContextBootstrapper : Found @SpringBootConfiguration com.hong.springboot.Application for test class com.hong.springboot.web.PostsApiControllerTest
2020-01-06 23:49:57.141  INFO 27115 --- [    Test worker] .b.t.c.SpringBootTestContextBootstrapper : Loaded default TestExecutionListener class names from location [META-INF/spring.factories]: [org.springframework.boot.test.autoconfigure.restdocs.RestDocsTestExecutionListener, org.springframework.boot.test.autoconfigure.web.client.MockRestServiceServerResetTestExecutionListener, org.springframework.boot.test.autoconfigure.web.servlet.MockMvcPrintOnlyOnFailureTestExecutionListener, org.springframework.boot.test.autoconfigure.web.servlet.WebDriverTestExecutionListener, org.springframework.boot.test.mock.mockito.MockitoTestExecutionListener, org.springframework.boot.test.mock.mockito.ResetMocksTestExecutionListener, org.springframework.test.context.web.ServletTestExecutionListener, org.springframework.test.context.support.DirtiesContextBeforeModesTestExecutionListener, org.springframework.test.context.support.DependencyInjectionTestExecutionListener, org.springframework.test.context.support.DirtiesContextTestExecutionListener, org.springframework.test.context.transaction.TransactionalTestExecutionListener, org.springframework.test.context.jdbc.SqlScriptsTestExecutionListener]
2020-01-06 23:49:57.142  INFO 27115 --- [    Test worker] .b.t.c.SpringBootTestContextBootstrapper : Using TestExecutionListeners: [org.springframework.test.context.web.ServletTestExecutionListener@79f93bc1, org.springframework.test.context.support.DirtiesContextBeforeModesTestExecutionListener@3df33ef4, org.springframework.boot.test.mock.mockito.MockitoTestExecutionListener@2a260291, org.springframework.boot.test.autoconfigure.SpringBootDependencyInjectionTestExecutionListener@32cd942c, org.springframework.test.context.support.DirtiesContextTestExecutionListener@25a9687, org.springframework.test.context.transaction.TransactionalTestExecutionListener@267a0ca6, org.springframework.test.context.jdbc.SqlScriptsTestExecutionListener@3c52b072, org.springframework.boot.test.autoconfigure.restdocs.RestDocsTestExecutionListener@62e02f20, org.springframework.boot.test.autoconfigure.web.client.MockRestServiceServerResetTestExecutionListener@34d87355, org.springframework.boot.test.autoconfigure.web.servlet.MockMvcPrintOnlyOnFailureTestExecutionListener@42315654, org.springframework.boot.test.autoconfigure.web.servlet.WebDriverTestExecutionListener@6b49bf40, org.springframework.boot.test.mock.mockito.ResetMocksTestExecutionListener@8330426]

  .   ____          _            __ _ _
 /\\ / ___'_ __ _ _(_)_ __  __ _ \ \ \ \
( ( )\___ | '_ | '_| | '_ \/ _` | \ \ \ \
 \\/  ___)| |_)| | | | | || (_| |  ) ) ) )
  '  |____| .__|_| |_|_| |_\__, | / / / /
 =========|_|==============|___/=/_/_/_/
 :: Spring Boot ::        (v2.1.7.RELEASE)

2020-01-06 23:49:57.165  INFO 27115 --- [    Test worker] c.h.s.web.PostsApiControllerTest         : Starting PostsApiControllerTest on Inyongui-MacBook-Pro-2.local with PID 27115 (started by inyonghong in /Users/inyonghong/Documents/spring_study/spring-boot-gradle-test2)
2020-01-06 23:49:57.165  INFO 27115 --- [    Test worker] c.h.s.web.PostsApiControllerTest         : No active profile set, falling back to default profiles: default
2020-01-06 23:49:57.377  INFO 27115 --- [    Test worker] .s.d.r.c.RepositoryConfigurationDelegate : Bootstrapping Spring Data repositories in DEFAULT mode.
2020-01-06 23:49:57.427  INFO 27115 --- [    Test worker] .s.d.r.c.RepositoryConfigurationDelegate : Finished Spring Data repository scanning in 42ms. Found 1 repository interfaces.
2020-01-06 23:49:57.604  INFO 27115 --- [    Test worker] trationDelegate$BeanPostProcessorChecker : Bean 'org.springframework.transaction.annotation.ProxyTransactionManagementConfiguration' of type [org.springframework.transaction.annotation.ProxyTransactionManagementConfiguration$$EnhancerBySpringCGLIB$$156b790] is not eligible for getting processed by all BeanPostProcessors (for example: not eligible for auto-proxying)
2020-01-06 23:49:57.891  INFO 27115 --- [    Test worker] o.s.b.w.embedded.tomcat.TomcatWebServer  : Tomcat initialized with port(s): 0 (http)
2020-01-06 23:49:57.935  INFO 27115 --- [    Test worker] o.apache.catalina.core.StandardService   : Starting service [Tomcat]
2020-01-06 23:49:57.936  INFO 27115 --- [    Test worker] org.apache.catalina.core.StandardEngine  : Starting Servlet engine: [Apache Tomcat/9.0.22]
2020-01-06 23:49:58.041  INFO 27115 --- [    Test worker] o.a.c.c.C.[Tomcat].[localhost].[/]       : Initializing Spring embedded WebApplicationContext
2020-01-06 23:49:58.041  INFO 27115 --- [    Test worker] o.s.web.context.ContextLoader            : Root WebApplicationContext: initialization completed in 874 ms
2020-01-06 23:49:58.233  INFO 27115 --- [    Test worker] com.zaxxer.hikari.HikariDataSource       : HikariPool-1 - Starting...
2020-01-06 23:49:58.395  INFO 27115 --- [    Test worker] com.zaxxer.hikari.HikariDataSource       : HikariPool-1 - Start completed.
2020-01-06 23:49:58.477  INFO 27115 --- [    Test worker] o.hibernate.jpa.internal.util.LogHelper  : HHH000204: Processing PersistenceUnitInfo [
	name: default
	...]
2020-01-06 23:49:58.538  INFO 27115 --- [    Test worker] org.hibernate.Version                    : HHH000412: Hibernate Core {5.3.10.Final}
2020-01-06 23:49:58.539  INFO 27115 --- [    Test worker] org.hibernate.cfg.Environment            : HHH000206: hibernate.properties not found
2020-01-06 23:49:58.588  INFO 27115 --- [    Test worker] o.hibernate.annotations.common.Version   : HCANN000001: Hibernate Commons Annotations {5.0.4.Final}
2020-01-06 23:49:58.725  INFO 27115 --- [    Test worker] org.hibernate.dialect.Dialect            : HHH000400: Using dialect: org.hibernate.dialect.MySQL5InnoDBDialect
Hibernate: drop table if exists posts
Hibernate: create table posts (id bigint not null auto_increment, author varchar(255), content TEXT not null, title varchar(500) not null, primary key (id)) engine=InnoDB
2020-01-06 23:49:59.490  INFO 27115 --- [    Test worker] o.h.t.schema.internal.SchemaCreatorImpl  : HHH000476: Executing import script 'org.hibernate.tool.schema.internal.exec.ScriptSourceInputNonExistentImpl@6af0b1a7'
2020-01-06 23:49:59.492  INFO 27115 --- [    Test worker] j.LocalContainerEntityManagerFactoryBean : Initialized JPA EntityManagerFactory for persistence unit 'default'
2020-01-06 23:49:59.914  INFO 27115 --- [    Test worker] o.s.s.concurrent.ThreadPoolTaskExecutor  : Initializing ExecutorService 'applicationTaskExecutor'
2020-01-06 23:49:59.928  WARN 27115 --- [    Test worker] aWebConfiguration$JpaWebMvcConfiguration : spring.jpa.open-in-view is enabled by default. Therefore, database queries may be performed during view rendering. Explicitly configure spring.jpa.open-in-view to disable this warning
2020-01-06 23:50:00.179  INFO 27115 --- [    Test worker] o.s.b.w.embedded.tomcat.TomcatWebServer  : Tomcat started on port(s): 54665 (http) with context path ''
2020-01-06 23:50:00.180  INFO 27115 --- [    Test worker] c.h.s.web.PostsApiControllerTest         : Started PostsApiControllerTest in 3.037 seconds (JVM running for 5.926)
2020-01-06 23:50:00.188  INFO 27115 --- [    Test worker] o.a.c.c.C.[Tomcat].[localhost].[/]       : Initializing Spring TestDispatcherServlet ''
2020-01-06 23:50:00.188  INFO 27115 --- [    Test worker] o.s.t.web.servlet.TestDispatcherServlet  : Initializing Servlet ''
2020-01-06 23:50:00.196  INFO 27115 --- [    Test worker] o.s.t.web.servlet.TestDispatcherServlet  : Completed initialization in 8 ms
2020-01-06 23:50:00.282  INFO 27115 --- [o-auto-1-exec-1] o.a.c.c.C.[Tomcat].[localhost].[/]       : Initializing Spring DispatcherServlet 'dispatcherServlet'
2020-01-06 23:50:00.282  INFO 27115 --- [o-auto-1-exec-1] o.s.web.servlet.DispatcherServlet        : Initializing Servlet 'dispatcherServlet'
2020-01-06 23:50:00.285  INFO 27115 --- [o-auto-1-exec-1] o.s.web.servlet.DispatcherServlet        : Completed initialization in 3 ms
Hibernate: insert into posts (author, content, title) values (?, ?, ?)
2020-01-06 23:50:00.432  INFO 27115 --- [    Test worker] o.h.h.i.QueryTranslatorFactoryInitiator  : HHH000397: Using ASTQueryTranslatorFactory
Hibernate: select posts0_.id as id1_0_, posts0_.author as author2_0_, posts0_.content as content3_0_, posts0_.title as title4_0_ from posts posts0_
Hibernate: select posts0_.id as id1_0_, posts0_.author as author2_0_, posts0_.content as content3_0_, posts0_.title as title4_0_ from posts posts0_
Hibernate: delete from posts where id=?
2020-01-06 23:50:00.543  INFO 27115 --- [    Test worker] o.a.c.c.C.[Tomcat].[localhost].[/]       : Initializing Spring TestDispatcherServlet ''
2020-01-06 23:50:00.544  INFO 27115 --- [    Test worker] o.s.t.web.servlet.TestDispatcherServlet  : Initializing Servlet ''
2020-01-06 23:50:00.546  INFO 27115 --- [    Test worker] o.s.t.web.servlet.TestDispatcherServlet  : Completed initialization in 2 ms
Hibernate: insert into posts (author, content, title) values (?, ?, ?)
Hibernate: select posts0_.id as id1_0_0_, posts0_.author as author2_0_0_, posts0_.content as content3_0_0_, posts0_.title as title4_0_0_ from posts posts0_ where posts0_.id=?

MockHttpServletRequest:
      HTTP Method = GET
      Request URI = /api/v1/posts/2
       Parameters = {}
          Headers = []
             Body = <no character encoding set>
    Session Attrs = {}

Handler:
             Type = com.hong.springboot.web.PostsApiController
           Method = public com.hong.springboot.web.dto.PostsResponseDto com.hong.springboot.web.PostsApiController.findById(java.lang.Long)

Async:
    Async started = false
     Async result = null

Resolved Exception:
             Type = null

ModelAndView:
        View name = null
             View = null
            Model = null

FlashMap:
       Attributes = null

MockHttpServletResponse:
           Status = 200
    Error message = null
          Headers = [Content-Type:"application/json;charset=UTF-8"]
     Content type = application/json;charset=UTF-8
             Body = {"id":2,"title":"title","content":"content","author":null}
    Forwarded URL = null
   Redirected URL = null
          Cookies = []
Hibernate: select posts0_.id as id1_0_0_, posts0_.author as author2_0_0_, posts0_.content as content3_0_0_, posts0_.title as title4_0_0_ from posts posts0_ where posts0_.id=?
Hibernate: select posts0_.id as id1_0_0_, posts0_.author as author2_0_0_, posts0_.content as content3_0_0_, posts0_.title as title4_0_0_ from posts posts0_ where posts0_.id=?
Hibernate: select posts0_.id as id1_0_, posts0_.author as author2_0_, posts0_.content as content3_0_, posts0_.title as title4_0_ from posts posts0_
Hibernate: delete from posts where id=?
]]></system-out>
  <system-err><![CDATA[]]></system-err>
</testsuite>
